2024-01-28 11:22:21,995 INFO i.p.p.E2ETest_Jira100 [TestNG-tests-1] beforeTest Method started!
2024-01-28 11:22:27,872 INFO i.p.p.E2ETest_Jira100 [TestNG-tests-1] beforeTest Method completed!
2024-01-28 11:22:27,950 INFO i.p.p.E2ETest_Jira100 [TestNG-tests-1] loginData Method completed!
2024-01-28 11:22:28,355 DEBUG o.a.p.o.o.PackageRelationshipCollection [TestNG-tests-1] Parsing relationship: /xl/_rels/workbook.xml.rels
2024-01-28 11:22:28,364 DEBUG o.a.p.o.o.PackageRelationshipCollection [TestNG-tests-1] Parsing relationship: /xl/worksheets/_rels/sheet1.xml.rels
2024-01-28 11:22:28,368 DEBUG o.a.p.o.o.PackageRelationshipCollection [TestNG-tests-1] Parsing relationship: /_rels/.rels
2024-01-28 11:22:28,805 TRACE o.a.x.i.c.XBeanDebug [TestNG-tests-1] Loading type system org.apache.poi.schemas.ooxml.system.ooxml
2024-01-28 11:22:28,817 TRACE o.a.x.i.c.XBeanDebug [TestNG-tests-1] Loading type system org.apache.xmlbeans.metadata.system.sXMLCONFIG
2024-01-28 11:22:28,820 TRACE o.a.x.i.c.XBeanDebug [TestNG-tests-1] Loading type system org.apache.xmlbeans.metadata.system.sXMLLANG
2024-01-28 11:22:28,822 TRACE o.a.x.i.c.XBeanDebug [TestNG-tests-1] Loading type system org.apache.xmlbeans.metadata.system.sXMLSCHEMA
2024-01-28 11:22:28,825 TRACE o.a.x.i.c.XBeanDebug [TestNG-tests-1] Loading type system org.apache.xmlbeans.metadata.system.sXMLTOOLS
2024-01-28 11:22:28,828 TRACE o.a.x.i.c.XBeanDebug [TestNG-tests-1] Reading unresolved handles for type system org.apache.xmlbeans.metadata.system.sXMLTOOLS
2024-01-28 11:22:28,864 TRACE o.a.x.i.c.XBeanDebug [TestNG-tests-1] Finished loading type system org.apache.xmlbeans.metadata.system.sXMLTOOLS
2024-01-28 11:22:28,866 TRACE o.a.x.i.c.XBeanDebug [TestNG-tests-1] Reading unresolved handles for type system org.apache.xmlbeans.metadata.system.sXMLSCHEMA
2024-01-28 11:22:28,875 TRACE o.a.x.i.c.XBeanDebug [TestNG-tests-1] Finished loading type system org.apache.xmlbeans.metadata.system.sXMLSCHEMA
2024-01-28 11:22:28,876 TRACE o.a.x.i.c.XBeanDebug [TestNG-tests-1] Reading unresolved handles for type system org.apache.xmlbeans.metadata.system.sXMLLANG
2024-01-28 11:22:28,877 TRACE o.a.x.i.c.XBeanDebug [TestNG-tests-1] Finished loading type system org.apache.xmlbeans.metadata.system.sXMLLANG
2024-01-28 11:22:28,878 TRACE o.a.x.i.c.XBeanDebug [TestNG-tests-1] Reading unresolved handles for type system org.apache.xmlbeans.metadata.system.sXMLCONFIG
2024-01-28 11:22:28,879 TRACE o.a.x.i.c.XBeanDebug [TestNG-tests-1] Finished loading type system org.apache.xmlbeans.metadata.system.sXMLCONFIG
2024-01-28 11:22:28,881 TRACE o.a.x.i.c.XBeanDebug [TestNG-tests-1] Reading unresolved handles for type system org.apache.poi.schemas.ooxml.system.ooxml
2024-01-28 11:22:29,014 TRACE o.a.x.i.c.XBeanDebug [TestNG-tests-1] Finished loading type system org.apache.poi.schemas.ooxml.system.ooxml
2024-01-28 11:22:29,016 TRACE o.a.x.i.c.XBeanDebug [TestNG-tests-1] Resolving type for handle themefd26doctype
2024-01-28 11:22:29,125 TRACE o.a.x.i.c.XBeanDebug [TestNG-tests-1] Resolving type for handle stylesheet5d8bdoctype
2024-01-28 11:22:29,138 TRACE o.a.x.i.c.XBeanDebug [TestNG-tests-1] Resolving type for handle ctstylesheet4257type
2024-01-28 11:22:29,147 TRACE o.a.x.i.c.XBeanDebug [TestNG-tests-1] Resolving type for handle ctfonts6623type
2024-01-28 11:22:29,155 TRACE o.a.x.i.c.XBeanDebug [TestNG-tests-1] Resolving type for handle ctfont14d8type
2024-01-28 11:22:29,165 TRACE o.a.x.i.c.XBeanDebug [TestNG-tests-1] Resolving type for handle ctfills2c6ftype
2024-01-28 11:22:29,169 TRACE o.a.x.i.c.XBeanDebug [TestNG-tests-1] Resolving type for handle ctfill550ctype
2024-01-28 11:22:29,172 TRACE o.a.x.i.c.XBeanDebug [TestNG-tests-1] Resolving type for handle ctborders0d66type
2024-01-28 11:22:29,177 TRACE o.a.x.i.c.XBeanDebug [TestNG-tests-1] Resolving type for handle ctborderf935type
2024-01-28 11:22:29,185 TRACE o.a.x.i.c.XBeanDebug [TestNG-tests-1] Resolving type for handle ctcellxfs1322type
2024-01-28 11:22:29,192 TRACE o.a.x.i.c.XBeanDebug [TestNG-tests-1] Resolving type for handle ctxf97f7type
2024-01-28 11:22:29,198 TRACE o.a.x.i.c.XBeanDebug [TestNG-tests-1] Resolving type for handle ctcellstylexfsa81ftype
2024-01-28 11:22:29,205 TRACE o.a.x.i.c.XBeanDebug [TestNG-tests-1] Resolving type for handle ctdxfsb26atype
2024-01-28 11:22:29,209 TRACE o.a.x.i.c.XBeanDebug [TestNG-tests-1] Resolving type for handle cttablestyles872ftype
2024-01-28 11:22:29,216 TRACE o.a.x.i.c.XBeanDebug [TestNG-tests-1] Resolving type for handle sstf81fdoctype
2024-01-28 11:22:29,223 TRACE o.a.x.i.c.XBeanDebug [TestNG-tests-1] Resolving type for handle ctsst44f3type
2024-01-28 11:22:29,237 TRACE o.a.x.i.c.XBeanDebug [TestNG-tests-1] Resolving type for handle ctrsta472type
2024-01-28 11:22:29,258 TRACE o.a.x.i.c.XBeanDebug [TestNG-tests-1] Resolving type for handle workbookec17doctype
2024-01-28 11:22:29,268 TRACE o.a.x.i.c.XBeanDebug [TestNG-tests-1] Resolving type for handle ctworkbook83c3type
2024-01-28 11:22:29,276 TRACE o.a.x.i.c.XBeanDebug [TestNG-tests-1] Resolving type for handle ctsheets49fdtype
2024-01-28 11:22:29,283 TRACE o.a.x.i.c.XBeanDebug [TestNG-tests-1] Resolving type for handle ctsheet4dbetype
2024-01-28 11:22:29,287 TRACE o.a.x.i.c.XBeanDebug [TestNG-tests-1] Resolving type for handle strelationshipid1e94type
2024-01-28 11:22:29,293 TRACE o.a.x.i.c.XBeanDebug [TestNG-tests-1] Resolving type for handle worksheetf539doctype
2024-01-28 11:22:29,308 TRACE o.a.x.i.c.XBeanDebug [TestNG-tests-1] Resolving type for handle ctworksheet530dtype
2024-01-28 11:22:29,328 TRACE o.a.x.i.c.XBeanDebug [TestNG-tests-1] Resolving type for handle ctcols627ctype
2024-01-28 11:22:29,340 TRACE o.a.x.i.c.XBeanDebug [TestNG-tests-1] Resolving type for handle ctcola95ftype
2024-01-28 11:22:29,371 TRACE o.a.x.i.c.XBeanDebug [TestNG-tests-1] Resolving type for handle ctsheetdata8408type
2024-01-28 11:22:29,376 TRACE o.a.x.i.c.XBeanDebug [TestNG-tests-1] Resolving type for handle ctrowdd39type
2024-01-28 11:22:29,386 TRACE o.a.x.i.c.XBeanDebug [TestNG-tests-1] Resolving type for handle ctcell842btype
2024-01-28 11:22:29,401 TRACE o.a.x.i.c.XBeanDebug [TestNG-tests-1] Resolving type for handle stcellrefe4e0type
2024-01-28 11:22:29,410 TRACE o.a.x.i.c.XBeanDebug [TestNG-tests-1] Resolving type for handle cthyperlinks6416type
2024-01-28 11:22:29,416 TRACE o.a.x.i.c.XBeanDebug [TestNG-tests-1] Resolving type for handle cthyperlink0c85type
2024-01-28 11:22:29,431 TRACE o.a.x.i.c.XBeanDebug [TestNG-tests-1] Resolving type for handle stcelltypebf95type
2024-01-28 11:22:29,436 TRACE o.a.x.i.c.XBeanDebug [TestNG-tests-1] Resolving type for handle stxstringf179type
2024-01-28 11:22:29,455 INFO i.p.p.E2ETest_Jira100 [TestNG-tests-1] login user details are: akhiljda@gmail.com Password
2024-01-28 11:22:29,455 WARN i.p.p.E2ETest_Jira100 [TestNG-tests-1] Its a warning
2024-01-28 11:22:37,487 INFO i.p.p.E2ETest_Jira100 [TestNG-tests-1] login user details are: akhiljda2@gmail.com Password
2024-01-28 11:22:37,487 WARN i.p.p.E2ETest_Jira100 [TestNG-tests-1] Its a warning
